#########################BEGIN-PROLOG#########################
JobId             = 4370990
JobName           = minmov
UserId            = kingda16(20126)
GroupId           = kingda16(20126)
Priority          = 155
Nice              = 0
Account           = generalgrp
QOS               = normal
Requeue           = 1
Restarts          = 0
BatchFlag         = 1
Reboot            = 0
ExitCode          = 0:0
RunTime           = 00:00:01
TimeLimit         = 23:40:00
TimeMin           = N/A
SubmitTime        = 2017-12-06T21:32:57
EligibleTime      = 2017-12-06T21:32:57
StartTime         = 2017-12-06T21:32:59
EndTime           = 2017-12-07T21:13:00
Partition         = medium
AllocNode:Sid     = hydra:11189
NodeList          = a1a-u3-c1-b3,a1a-u3-c2-b5
BatchHost         = a1a-u3-c1-b3
NumNodes          = 2
NumCPUs           = 16
CPUs/Task         = 1
ReqB:S:C:T        = 0:0:*:*
Socks/Node        = *
NtasksPerN:B:S:C  = 8:0:*:*
CoreSpec          = *
MinCPUsNode       = 8
MinMemoryNode     = 4G
MinTmpDiskNode    = 0
Command           = /deac/generalGrp/gemmerGrp/DAK/slrm/minmov2d.slurm
WorkDir           = /deac/generalGrp/gemmerGrp/DAK/slrm
StdErr            = /deac/generalGrp/gemmerGrp/DAK/slrm/slurm-4370990.out
StdOut            = /deac/generalGrp/gemmerGrp/DAK/slrm/slurm-4370990.out
###########################END-PROLOG#########################

Using Matlab directory /deac/opt/matlab-2017a/bin to find executable...
MATLAB is selecting SOFTWARE OPENGL rendering.

                            < M A T L A B (R) >
                  Copyright 1984-2017 The MathWorks, Inc.
                   R2017a (9.2.0.556344) 64-bit (glnxa64)
                               March 27, 2017

 
To get started, type one of these: helpwin, helpdesk, or demo.
For product information, visit www.mathworks.com.
 
     2

     3

     4

     5

     6

     7

     8

     9

    10

    11

    12

    13

    14

    15

    16

    17

    18

    19

    20

    21

    22

    23

    24

    25

    26

    27

    28

    29

    30

    31

    32

    33

    34

    35

    36

    37

    38

    39

    40

    41

    42

    43

    44

    45

    46

    47

    48

    49

    50

>> 