#########################BEGIN-PROLOG#########################
JobId             = 4345153
JobName           = gflow1
UserId            = kingda16(20126)
GroupId           = kingda16(20126)
Priority          = 86
Nice              = 0
Account           = generalgrp
QOS               = normal
Requeue           = 1
Restarts          = 0
BatchFlag         = 1
Reboot            = 0
ExitCode          = 0:0
RunTime           = 00:00:00
TimeLimit         = 23:40:00
TimeMin           = N/A
SubmitTime        = 2017-11-10T15:06:59
EligibleTime      = 2017-11-10T15:06:59
StartTime         = 2017-11-10T15:07:00
EndTime           = 2017-11-11T14:47:00
Partition         = medium
AllocNode:Sid     = libra:3780
NodeList          = a1a-u3-c1-b[3,5]
BatchHost         = a1a-u3-c1-b3
NumNodes          = 2
NumCPUs           = 16
CPUs/Task         = 1
ReqB:S:C:T        = 0:0:*:*
Socks/Node        = *
NtasksPerN:B:S:C  = 8:0:*:*
CoreSpec          = *
MinCPUsNode       = 8
MinMemoryNode     = 4G
MinTmpDiskNode    = 0
Command           = /deac/generalGrp/gemmerGrp/DAK/slrm/gflow2d.slurm
WorkDir           = /deac/generalGrp/gemmerGrp/DAK/slrm
StdErr            = /deac/generalGrp/gemmerGrp/DAK/slrm/slurm-4345153.out
StdOut            = /deac/generalGrp/gemmerGrp/DAK/slrm/slurm-4345153.out
###########################END-PROLOG#########################

Using Matlab directory /deac/opt/matlab-2017a/bin to find executable...
MATLAB is selecting SOFTWARE OPENGL rendering.

                            < M A T L A B (R) >
                  Copyright 1984-2017 The MathWorks, Inc.
                   R2017a (9.2.0.556344) 64-bit (glnxa64)
                               March 27, 2017

 
To get started, type one of these: helpwin, helpdesk, or demo.
For product information, visit www.mathworks.com.
 

options = 

  struct with fields:

              AbsTol: []
                 BDF: []
              Events: []
         InitialStep: []
            Jacobian: []
           JConstant: []
            JPattern: []
                Mass: []
        MassSingular: []
            MaxOrder: []
             MaxStep: []
         NonNegative: []
         NormControl: []
           OutputFcn: []
           OutputSel: []
              Refine: []
              RelTol: []
               Stats: 'on'
          Vectorized: []
    MStateDependence: []
           MvPattern: []
        InitialSlope: []

462 successful steps
34 failed attempts
2977 function evaluations
>> 