#########################BEGIN-PROLOG#########################
JobId             = 4342862
JobName           = gflow1
UserId            = kingda16(20126)
GroupId           = kingda16(20126)
Priority          = 86
Nice              = 0
Account           = generalgrp
QOS               = normal
Requeue           = 1
Restarts          = 0
BatchFlag         = 1
Reboot            = 0
ExitCode          = 0:0
RunTime           = 00:00:00
TimeLimit         = 23:40:00
TimeMin           = N/A
SubmitTime        = 2017-11-05T21:30:19
EligibleTime      = 2017-11-05T21:30:19
StartTime         = 2017-11-05T21:30:20
EndTime           = 2017-11-06T21:10:20
Partition         = medium
AllocNode:Sid     = libra:16820
NodeList          = a1a-u3-c1-b[3,5]
BatchHost         = a1a-u3-c1-b3
NumNodes          = 2
NumCPUs           = 16
CPUs/Task         = 1
ReqB:S:C:T        = 0:0:*:*
Socks/Node        = *
NtasksPerN:B:S:C  = 8:0:*:*
CoreSpec          = *
MinCPUsNode       = 8
MinMemoryNode     = 4G
MinTmpDiskNode    = 0
Command           = /deac/generalGrp/gemmerGrp/DAK/slrm/gflow2d.slurm
WorkDir           = /deac/generalGrp/gemmerGrp/DAK/slrm
StdErr            = /deac/generalGrp/gemmerGrp/DAK/slrm/slurm-4342862.out
StdOut            = /deac/generalGrp/gemmerGrp/DAK/slrm/slurm-4342862.out
###########################END-PROLOG#########################

Using Matlab directory /deac/opt/matlab-2017a/bin to find executable...
MATLAB is selecting SOFTWARE OPENGL rendering.

                            < M A T L A B (R) >
                  Copyright 1984-2017 The MathWorks, Inc.
                   R2017a (9.2.0.556344) 64-bit (glnxa64)
                               March 27, 2017

 
To get started, type one of these: helpwin, helpdesk, or demo.
For product information, visit www.mathworks.com.
 

options = 

  struct with fields:

              AbsTol: []
                 BDF: []
              Events: []
         InitialStep: []
            Jacobian: []
           JConstant: []
            JPattern: []
                Mass: []
        MassSingular: []
            MaxOrder: []
             MaxStep: []
         NonNegative: []
         NormControl: []
           OutputFcn: []
           OutputSel: []
              Refine: []
              RelTol: []
               Stats: 'on'
          Vectorized: []
    MStateDependence: []
           MvPattern: []
        InitialSlope: []

207694 successful steps
44156 failed attempts
1.5111e+06 function evaluations
{Error using save
Cannot create 'e0.01d0.5n100m50t0.1.mat' because './data' does not exist.

Error in gflow2d (line 90)
save(strcat('./data/e',num2str(epsilon),'d',num2str(delta),'n',num2str(n),'m',num2str(M),'t',num2str(T),'.mat'),'u','t');} 
>> 